<?xml version="1.0" encoding="UTF-8"?>
<!-- Generated by org.testng.reporters.JUnitReportReporter -->
<testsuite hostname="Lenovo_Ideapad" failures="0" tests="5" name="Testcase.Loginpage" time="45.052" errors="0" timestamp="2025-07-26T21:18:35 IST" skipped="0">
  <testcase classname="Testcase.Loginpage" name="verifyInvalidCredentials" time="5.186"/>
  <testcase classname="Testcase.Loginpage" name="VarifySuccesssfullLogin" time="5.430"/>
  <testcase classname="Testcase.Loginpage" name="verifyInvalidCredentials" time="5.626"/>
  <testcase classname="Testcase.Loginpage" name="variyfyTitle" time="4.709"/>
  <testcase classname="Testcase.Loginpage" name="verifyInvalidCredentials" time="24.101"/>
</testsuite> <!-- Testcase.Loginpage -->
