<?xml version="1.0" encoding="UTF-8"?>
<!-- Generated by org.testng.reporters.JUnitReportReporter -->
<testsuite hostname="Lenovo_Ideapad" failures="0" tests="2" name="Mytest.logpagTest" time="6.638" errors="0" timestamp="2025-07-26T23:19:57 IST" skipped="0">
  <testcase classname="Mytest.logpagTest" name="VarifySuccesssfullLogin" time="3.028"/>
  <testcase classname="Mytest.logpagTest" name="variyfyTitle" time="3.610"/>
</testsuite> <!-- Mytest.logpagTest -->
